# Logfile created on 2014-10-03 22:48:16 +0530 by logger.rb/41954
I, [2014-10-03T22:48:16.906731 #93702]  INFO -- : 0:  addressable (2.3.6) from /Library/Ruby/Gems/2.0.0/specifications/addressable-2.3.6.gemspec
I, [2014-10-03T22:48:21.371912 #93702]  INFO -- : 0:  backports (3.6.1) from /Library/Ruby/Gems/2.0.0/specifications/backports-3.6.1.gemspec
I, [2014-10-03T22:48:25.637829 #93702]  INFO -- : 0:  buftok (0.2.0) from /Library/Ruby/Gems/2.0.0/specifications/buftok-0.2.0.gemspec
I, [2014-10-03T22:48:25.640509 #93702]  INFO -- : 0:  coffee-script-source (1.8.0) from /Library/Ruby/Gems/2.0.0/specifications/coffee-script-source-1.8.0.gemspec
I, [2014-10-03T22:48:25.641071 #93702]  INFO -- : 0:  execjs (2.0.2) from /Library/Ruby/Gems/2.0.0/specifications/execjs-2.0.2.gemspec
I, [2014-10-03T22:48:25.641508 #93702]  INFO -- : 0:  coffee-script (2.2.0) from /Library/Ruby/Gems/2.0.0/specifications/coffee-script-2.2.0.gemspec
I, [2014-10-03T22:48:25.641905 #93702]  INFO -- : 0:  daemons (1.1.9) from /Library/Ruby/Gems/2.0.0/specifications/daemons-1.1.9.gemspec
I, [2014-10-03T22:48:25.642295 #93702]  INFO -- : 0:  rack (1.5.2) from /Library/Ruby/Gems/2.0.0/specifications/rack-1.5.2.gemspec
I, [2014-10-03T22:48:25.642659 #93702]  INFO -- : 0:  thread_safe (0.3.4) from /Library/Ruby/Gems/2.0.0/specifications/thread_safe-0.3.4.gemspec
I, [2014-10-03T22:48:25.643058 #93702]  INFO -- : 0:  tzinfo (1.2.2) from /Library/Ruby/Gems/2.0.0/specifications/tzinfo-1.2.2.gemspec
I, [2014-10-03T22:48:25.643452 #93702]  INFO -- : 0:  rufus-scheduler (2.0.24) from /Library/Ruby/Gems/2.0.0/specifications/rufus-scheduler-2.0.24.gemspec
I, [2014-10-03T22:48:25.643884 #93702]  INFO -- : 0:  sass (3.2.19) from /Library/Ruby/Gems/2.0.0/specifications/sass-3.2.19.gemspec
I, [2014-10-03T22:48:25.644442 #93702]  INFO -- : 0:  rack-protection (1.5.3) from /Library/Ruby/Gems/2.0.0/specifications/rack-protection-1.5.3.gemspec
I, [2014-10-03T22:48:25.644867 #93702]  INFO -- : 0:  tilt (1.4.1) from /Library/Ruby/Gems/2.0.0/specifications/tilt-1.4.1.gemspec
I, [2014-10-03T22:48:25.645279 #93702]  INFO -- : 0:  sinatra (1.4.5) from /Library/Ruby/Gems/2.0.0/specifications/sinatra-1.4.5.gemspec
I, [2014-10-03T22:48:29.256866 #93702]  INFO -- : 0:  multi_json (1.10.1) from /Library/Ruby/Gems/2.0.0/specifications/multi_json-1.10.1.gemspec
I, [2014-10-03T22:48:29.263024 #93702]  INFO -- : 0:  rack-test (0.6.2) from /Library/Ruby/Gems/2.0.0/specifications/rack-test-0.6.2.gemspec
I, [2014-10-03T22:48:29.263529 #93702]  INFO -- : 0:  sinatra-contrib (1.4.2) from /Library/Ruby/Gems/2.0.0/specifications/sinatra-contrib-1.4.2.gemspec
I, [2014-10-03T22:48:29.264294 #93702]  INFO -- : 0:  hike (1.2.3) from /Library/Ruby/Gems/2.0.0/specifications/hike-1.2.3.gemspec
I, [2014-10-03T22:48:29.265023 #93702]  INFO -- : 0:  sprockets (2.10.1) from /Library/Ruby/Gems/2.0.0/specifications/sprockets-2.10.1.gemspec
I, [2014-10-03T22:48:29.265552 #93702]  INFO -- : 0:  eventmachine (1.0.3) from /Library/Ruby/Gems/2.0.0/specifications/eventmachine-1.0.3.gemspec
I, [2014-10-03T22:48:29.266037 #93702]  INFO -- : 0:  thin (1.6.3) from /Library/Ruby/Gems/2.0.0/specifications/thin-1.6.3.gemspec
I, [2014-10-03T22:48:29.266692 #93702]  INFO -- : 0:  thor (0.18.1) from /Library/Ruby/Gems/2.0.0/specifications/thor-0.18.1.gemspec
I, [2014-10-03T22:48:29.267271 #93702]  INFO -- : 0:  dashing (1.3.4) from /Library/Ruby/Gems/2.0.0/specifications/dashing-1.3.4.gemspec
I, [2014-10-03T22:48:32.947919 #93702]  INFO -- : 0:  equalizer (0.0.9) from /Library/Ruby/Gems/2.0.0/specifications/equalizer-0.0.9.gemspec
I, [2014-10-03T22:48:36.918286 #93702]  INFO -- : 0:  multipart-post (2.0.0) from /Library/Ruby/Gems/2.0.0/specifications/multipart-post-2.0.0.gemspec
I, [2014-10-03T22:48:42.185482 #93702]  INFO -- : 0:  faraday (0.9.0) from /Library/Ruby/Gems/2.0.0/specifications/faraday-0.9.0.gemspec
I, [2014-10-03T22:48:48.766603 #93702]  INFO -- : 0:  http_parser.rb (0.6.0) from /Library/Ruby/Gems/2.0.0/specifications/http_parser.rb-0.6.0.gemspec
I, [2014-10-03T22:48:52.856383 #93702]  INFO -- : 0:  http (0.6.2) from /Library/Ruby/Gems/2.0.0/specifications/http-0.6.2.gemspec
I, [2014-10-03T22:49:03.617737 #93702]  INFO -- : 0:  json (1.8.1) from /Library/Ruby/Gems/2.0.0/specifications/json-1.8.1.gemspec
I, [2014-10-03T22:49:08.158482 #93702]  INFO -- : 0:  memoizable (0.4.2) from /Library/Ruby/Gems/2.0.0/specifications/memoizable-0.4.2.gemspec
I, [2014-10-03T22:49:12.234304 #93702]  INFO -- : 0:  naught (1.0.0) from /Library/Ruby/Gems/2.0.0/specifications/naught-1.0.0.gemspec
I, [2014-10-03T22:49:15.414655 #93702]  INFO -- : 0:  simple_oauth (0.2.0) from /Library/Ruby/Gems/2.0.0/specifications/simple_oauth-0.2.0.gemspec
I, [2014-10-03T22:49:21.425801 #93702]  INFO -- : 0:  twitter (5.11.0) from /Library/Ruby/Gems/2.0.0/specifications/twitter-5.11.0.gemspec
I, [2014-10-03T22:49:21.501977 #93702]  INFO -- : 0:  bundler (1.5.1) from /Library/Ruby/Gems/2.0.0/specifications/bundler-1.5.1.gemspec
I, [2014-10-03T22:49:54.016959 #93958]  INFO -- : 0:  addressable (2.3.6) from /Library/Ruby/Gems/2.0.0/specifications/addressable-2.3.6.gemspec
I, [2014-10-03T22:49:54.017485 #93958]  INFO -- : 0:  backports (3.6.1) from /Library/Ruby/Gems/2.0.0/specifications/backports-3.6.1.gemspec
I, [2014-10-03T22:49:54.017859 #93958]  INFO -- : 0:  buftok (0.2.0) from /Library/Ruby/Gems/2.0.0/specifications/buftok-0.2.0.gemspec
I, [2014-10-03T22:49:54.018235 #93958]  INFO -- : 0:  coffee-script-source (1.8.0) from /Library/Ruby/Gems/2.0.0/specifications/coffee-script-source-1.8.0.gemspec
I, [2014-10-03T22:49:54.018595 #93958]  INFO -- : 0:  execjs (2.0.2) from /Library/Ruby/Gems/2.0.0/specifications/execjs-2.0.2.gemspec
I, [2014-10-03T22:49:54.018969 #93958]  INFO -- : 0:  coffee-script (2.2.0) from /Library/Ruby/Gems/2.0.0/specifications/coffee-script-2.2.0.gemspec
I, [2014-10-03T22:49:54.019374 #93958]  INFO -- : 0:  daemons (1.1.9) from /Library/Ruby/Gems/2.0.0/specifications/daemons-1.1.9.gemspec
I, [2014-10-03T22:49:54.019692 #93958]  INFO -- : 0:  rack (1.5.2) from /Library/Ruby/Gems/2.0.0/specifications/rack-1.5.2.gemspec
I, [2014-10-03T22:49:54.020076 #93958]  INFO -- : 0:  thread_safe (0.3.4) from /Library/Ruby/Gems/2.0.0/specifications/thread_safe-0.3.4.gemspec
I, [2014-10-03T22:49:54.020406 #93958]  INFO -- : 0:  tzinfo (1.2.2) from /Library/Ruby/Gems/2.0.0/specifications/tzinfo-1.2.2.gemspec
I, [2014-10-03T22:49:54.020721 #93958]  INFO -- : 0:  rufus-scheduler (2.0.24) from /Library/Ruby/Gems/2.0.0/specifications/rufus-scheduler-2.0.24.gemspec
I, [2014-10-03T22:49:54.021050 #93958]  INFO -- : 0:  sass (3.2.19) from /Library/Ruby/Gems/2.0.0/specifications/sass-3.2.19.gemspec
I, [2014-10-03T22:49:54.021360 #93958]  INFO -- : 0:  rack-protection (1.5.3) from /Library/Ruby/Gems/2.0.0/specifications/rack-protection-1.5.3.gemspec
I, [2014-10-03T22:49:54.021689 #93958]  INFO -- : 0:  tilt (1.4.1) from /Library/Ruby/Gems/2.0.0/specifications/tilt-1.4.1.gemspec
I, [2014-10-03T22:49:54.022007 #93958]  INFO -- : 0:  sinatra (1.4.5) from /Library/Ruby/Gems/2.0.0/specifications/sinatra-1.4.5.gemspec
I, [2014-10-03T22:49:54.022326 #93958]  INFO -- : 0:  multi_json (1.10.1) from /Library/Ruby/Gems/2.0.0/specifications/multi_json-1.10.1.gemspec
I, [2014-10-03T22:49:54.022637 #93958]  INFO -- : 0:  rack-test (0.6.2) from /Library/Ruby/Gems/2.0.0/specifications/rack-test-0.6.2.gemspec
I, [2014-10-03T22:49:54.022948 #93958]  INFO -- : 0:  sinatra-contrib (1.4.2) from /Library/Ruby/Gems/2.0.0/specifications/sinatra-contrib-1.4.2.gemspec
I, [2014-10-03T22:49:54.028573 #93958]  INFO -- : 0:  hike (1.2.3) from /Library/Ruby/Gems/2.0.0/specifications/hike-1.2.3.gemspec
I, [2014-10-03T22:49:54.028995 #93958]  INFO -- : 0:  sprockets (2.10.1) from /Library/Ruby/Gems/2.0.0/specifications/sprockets-2.10.1.gemspec
I, [2014-10-03T22:49:54.029389 #93958]  INFO -- : 0:  eventmachine (1.0.3) from /Library/Ruby/Gems/2.0.0/specifications/eventmachine-1.0.3.gemspec
I, [2014-10-03T22:49:54.029762 #93958]  INFO -- : 0:  thin (1.6.3) from /Library/Ruby/Gems/2.0.0/specifications/thin-1.6.3.gemspec
I, [2014-10-03T22:49:54.030117 #93958]  INFO -- : 0:  thor (0.18.1) from /Library/Ruby/Gems/2.0.0/specifications/thor-0.18.1.gemspec
I, [2014-10-03T22:49:54.030500 #93958]  INFO -- : 0:  dashing (1.3.4) from /Library/Ruby/Gems/2.0.0/specifications/dashing-1.3.4.gemspec
I, [2014-10-03T22:49:54.030829 #93958]  INFO -- : 0:  equalizer (0.0.9) from /Library/Ruby/Gems/2.0.0/specifications/equalizer-0.0.9.gemspec
I, [2014-10-03T22:49:54.031163 #93958]  INFO -- : 0:  multipart-post (2.0.0) from /Library/Ruby/Gems/2.0.0/specifications/multipart-post-2.0.0.gemspec
I, [2014-10-03T22:49:54.031476 #93958]  INFO -- : 0:  faraday (0.9.0) from /Library/Ruby/Gems/2.0.0/specifications/faraday-0.9.0.gemspec
I, [2014-10-03T22:49:54.031791 #93958]  INFO -- : 0:  http_parser.rb (0.6.0) from /Library/Ruby/Gems/2.0.0/specifications/http_parser.rb-0.6.0.gemspec
I, [2014-10-03T22:49:54.032117 #93958]  INFO -- : 0:  http (0.6.2) from /Library/Ruby/Gems/2.0.0/specifications/http-0.6.2.gemspec
I, [2014-10-03T22:49:54.032433 #93958]  INFO -- : 0:  json (1.8.1) from /Library/Ruby/Gems/2.0.0/specifications/json-1.8.1.gemspec
I, [2014-10-03T22:49:54.032766 #93958]  INFO -- : 0:  memoizable (0.4.2) from /Library/Ruby/Gems/2.0.0/specifications/memoizable-0.4.2.gemspec
I, [2014-10-03T22:49:54.033189 #93958]  INFO -- : 0:  naught (1.0.0) from /Library/Ruby/Gems/2.0.0/specifications/naught-1.0.0.gemspec
I, [2014-10-03T22:49:54.033546 #93958]  INFO -- : 0:  simple_oauth (0.2.0) from /Library/Ruby/Gems/2.0.0/specifications/simple_oauth-0.2.0.gemspec
I, [2014-10-03T22:49:54.033871 #93958]  INFO -- : 0:  twitter (5.11.0) from /Library/Ruby/Gems/2.0.0/specifications/twitter-5.11.0.gemspec
I, [2014-10-03T22:49:54.034172 #93958]  INFO -- : 0:  bundler (1.5.1) from /Library/Ruby/Gems/2.0.0/specifications/bundler-1.5.1.gemspec
I, [2014-10-03T23:33:31.887380 #16767]  INFO -- : 0:  addressable (2.3.6) from /Library/Ruby/Gems/2.0.0/specifications/addressable-2.3.6.gemspec
I, [2014-10-03T23:33:31.889911 #16767]  INFO -- : 0:  backports (3.6.1) from /Library/Ruby/Gems/2.0.0/specifications/backports-3.6.1.gemspec
I, [2014-10-03T23:33:31.890316 #16767]  INFO -- : 0:  buftok (0.2.0) from /Library/Ruby/Gems/2.0.0/specifications/buftok-0.2.0.gemspec
I, [2014-10-03T23:33:31.890749 #16767]  INFO -- : 0:  coffee-script-source (1.8.0) from /Library/Ruby/Gems/2.0.0/specifications/coffee-script-source-1.8.0.gemspec
I, [2014-10-03T23:33:31.891106 #16767]  INFO -- : 0:  execjs (2.0.2) from /Library/Ruby/Gems/2.0.0/specifications/execjs-2.0.2.gemspec
I, [2014-10-03T23:33:31.891512 #16767]  INFO -- : 0:  coffee-script (2.2.0) from /Library/Ruby/Gems/2.0.0/specifications/coffee-script-2.2.0.gemspec
I, [2014-10-03T23:33:31.891884 #16767]  INFO -- : 0:  daemons (1.1.9) from /Library/Ruby/Gems/2.0.0/specifications/daemons-1.1.9.gemspec
I, [2014-10-03T23:33:31.892262 #16767]  INFO -- : 0:  rack (1.5.2) from /Library/Ruby/Gems/2.0.0/specifications/rack-1.5.2.gemspec
I, [2014-10-03T23:33:31.892626 #16767]  INFO -- : 0:  thread_safe (0.3.4) from /Library/Ruby/Gems/2.0.0/specifications/thread_safe-0.3.4.gemspec
I, [2014-10-03T23:33:31.892999 #16767]  INFO -- : 0:  tzinfo (1.2.2) from /Library/Ruby/Gems/2.0.0/specifications/tzinfo-1.2.2.gemspec
I, [2014-10-03T23:33:31.893377 #16767]  INFO -- : 0:  rufus-scheduler (2.0.24) from /Library/Ruby/Gems/2.0.0/specifications/rufus-scheduler-2.0.24.gemspec
I, [2014-10-03T23:33:31.893742 #16767]  INFO -- : 0:  sass (3.2.19) from /Library/Ruby/Gems/2.0.0/specifications/sass-3.2.19.gemspec
I, [2014-10-03T23:33:31.894118 #16767]  INFO -- : 0:  rack-protection (1.5.3) from /Library/Ruby/Gems/2.0.0/specifications/rack-protection-1.5.3.gemspec
I, [2014-10-03T23:33:31.894479 #16767]  INFO -- : 0:  tilt (1.4.1) from /Library/Ruby/Gems/2.0.0/specifications/tilt-1.4.1.gemspec
I, [2014-10-03T23:33:31.894847 #16767]  INFO -- : 0:  sinatra (1.4.5) from /Library/Ruby/Gems/2.0.0/specifications/sinatra-1.4.5.gemspec
I, [2014-10-03T23:33:31.895206 #16767]  INFO -- : 0:  multi_json (1.10.1) from /Library/Ruby/Gems/2.0.0/specifications/multi_json-1.10.1.gemspec
I, [2014-10-03T23:33:31.895579 #16767]  INFO -- : 0:  rack-test (0.6.2) from /Library/Ruby/Gems/2.0.0/specifications/rack-test-0.6.2.gemspec
I, [2014-10-03T23:33:31.895936 #16767]  INFO -- : 0:  sinatra-contrib (1.4.2) from /Library/Ruby/Gems/2.0.0/specifications/sinatra-contrib-1.4.2.gemspec
I, [2014-10-03T23:33:31.896286 #16767]  INFO -- : 0:  hike (1.2.3) from /Library/Ruby/Gems/2.0.0/specifications/hike-1.2.3.gemspec
I, [2014-10-03T23:33:31.896709 #16767]  INFO -- : 0:  sprockets (2.10.1) from /Library/Ruby/Gems/2.0.0/specifications/sprockets-2.10.1.gemspec
I, [2014-10-03T23:33:31.897017 #16767]  INFO -- : 0:  eventmachine (1.0.3) from /Library/Ruby/Gems/2.0.0/specifications/eventmachine-1.0.3.gemspec
I, [2014-10-03T23:33:31.897363 #16767]  INFO -- : 0:  thin (1.6.3) from /Library/Ruby/Gems/2.0.0/specifications/thin-1.6.3.gemspec
I, [2014-10-03T23:33:31.897660 #16767]  INFO -- : 0:  thor (0.18.1) from /Library/Ruby/Gems/2.0.0/specifications/thor-0.18.1.gemspec
I, [2014-10-03T23:33:31.897970 #16767]  INFO -- : 0:  dashing (1.3.4) from /Library/Ruby/Gems/2.0.0/specifications/dashing-1.3.4.gemspec
I, [2014-10-03T23:33:31.898528 #16767]  INFO -- : 0:  equalizer (0.0.9) from /Library/Ruby/Gems/2.0.0/specifications/equalizer-0.0.9.gemspec
I, [2014-10-03T23:33:31.898907 #16767]  INFO -- : 0:  multipart-post (2.0.0) from /Library/Ruby/Gems/2.0.0/specifications/multipart-post-2.0.0.gemspec
I, [2014-10-03T23:33:31.899220 #16767]  INFO -- : 0:  faraday (0.9.0) from /Library/Ruby/Gems/2.0.0/specifications/faraday-0.9.0.gemspec
I, [2014-10-03T23:33:31.899522 #16767]  INFO -- : 0:  http_parser.rb (0.6.0) from /Library/Ruby/Gems/2.0.0/specifications/http_parser.rb-0.6.0.gemspec
I, [2014-10-03T23:33:31.899824 #16767]  INFO -- : 0:  http (0.6.2) from /Library/Ruby/Gems/2.0.0/specifications/http-0.6.2.gemspec
I, [2014-10-03T23:33:31.900165 #16767]  INFO -- : 0:  json (1.8.1) from /Library/Ruby/Gems/2.0.0/specifications/json-1.8.1.gemspec
I, [2014-10-03T23:33:31.900464 #16767]  INFO -- : 0:  memoizable (0.4.2) from /Library/Ruby/Gems/2.0.0/specifications/memoizable-0.4.2.gemspec
I, [2014-10-03T23:33:31.900768 #16767]  INFO -- : 0:  mini_portile (0.6.0) from /Library/Ruby/Gems/2.0.0/specifications/mini_portile-0.6.0.gemspec
I, [2014-10-03T23:33:31.901065 #16767]  INFO -- : 0:  naught (1.0.0) from /Library/Ruby/Gems/2.0.0/specifications/naught-1.0.0.gemspec
I, [2014-10-03T23:33:31.901374 #16767]  INFO -- : 0:  nokogiri (1.6.2.1) from /Library/Ruby/Gems/2.0.0/specifications/nokogiri-1.6.2.1.gemspec
I, [2014-10-03T23:33:31.901675 #16767]  INFO -- : 0:  simple_oauth (0.2.0) from /Library/Ruby/Gems/2.0.0/specifications/simple_oauth-0.2.0.gemspec
I, [2014-10-03T23:33:31.901977 #16767]  INFO -- : 0:  twitter (5.11.0) from /Library/Ruby/Gems/2.0.0/specifications/twitter-5.11.0.gemspec
I, [2014-10-03T23:33:31.902272 #16767]  INFO -- : 0:  bundler (1.5.1) from /Library/Ruby/Gems/2.0.0/specifications/bundler-1.5.1.gemspec
I, [2014-10-03T23:33:35.281756 #16787]  INFO -- : 0:  addressable (2.3.6) from /Library/Ruby/Gems/2.0.0/specifications/addressable-2.3.6.gemspec
I, [2014-10-03T23:33:35.282282 #16787]  INFO -- : 0:  backports (3.6.1) from /Library/Ruby/Gems/2.0.0/specifications/backports-3.6.1.gemspec
I, [2014-10-03T23:33:35.282691 #16787]  INFO -- : 0:  buftok (0.2.0) from /Library/Ruby/Gems/2.0.0/specifications/buftok-0.2.0.gemspec
I, [2014-10-03T23:33:35.283122 #16787]  INFO -- : 0:  coffee-script-source (1.8.0) from /Library/Ruby/Gems/2.0.0/specifications/coffee-script-source-1.8.0.gemspec
I, [2014-10-03T23:33:35.283522 #16787]  INFO -- : 0:  execjs (2.0.2) from /Library/Ruby/Gems/2.0.0/specifications/execjs-2.0.2.gemspec
I, [2014-10-03T23:33:35.283904 #16787]  INFO -- : 0:  coffee-script (2.2.0) from /Library/Ruby/Gems/2.0.0/specifications/coffee-script-2.2.0.gemspec
I, [2014-10-03T23:33:35.284276 #16787]  INFO -- : 0:  daemons (1.1.9) from /Library/Ruby/Gems/2.0.0/specifications/daemons-1.1.9.gemspec
I, [2014-10-03T23:33:35.284644 #16787]  INFO -- : 0:  rack (1.5.2) from /Library/Ruby/Gems/2.0.0/specifications/rack-1.5.2.gemspec
I, [2014-10-03T23:33:35.285013 #16787]  INFO -- : 0:  thread_safe (0.3.4) from /Library/Ruby/Gems/2.0.0/specifications/thread_safe-0.3.4.gemspec
I, [2014-10-03T23:33:35.285413 #16787]  INFO -- : 0:  tzinfo (1.2.2) from /Library/Ruby/Gems/2.0.0/specifications/tzinfo-1.2.2.gemspec
I, [2014-10-03T23:33:35.285792 #16787]  INFO -- : 0:  rufus-scheduler (2.0.24) from /Library/Ruby/Gems/2.0.0/specifications/rufus-scheduler-2.0.24.gemspec
I, [2014-10-03T23:33:35.286165 #16787]  INFO -- : 0:  sass (3.2.19) from /Library/Ruby/Gems/2.0.0/specifications/sass-3.2.19.gemspec
I, [2014-10-03T23:33:35.286533 #16787]  INFO -- : 0:  rack-protection (1.5.3) from /Library/Ruby/Gems/2.0.0/specifications/rack-protection-1.5.3.gemspec
I, [2014-10-03T23:33:35.286900 #16787]  INFO -- : 0:  tilt (1.4.1) from /Library/Ruby/Gems/2.0.0/specifications/tilt-1.4.1.gemspec
I, [2014-10-03T23:33:35.287328 #16787]  INFO -- : 0:  sinatra (1.4.5) from /Library/Ruby/Gems/2.0.0/specifications/sinatra-1.4.5.gemspec
I, [2014-10-03T23:33:35.287690 #16787]  INFO -- : 0:  multi_json (1.10.1) from /Library/Ruby/Gems/2.0.0/specifications/multi_json-1.10.1.gemspec
I, [2014-10-03T23:33:35.288057 #16787]  INFO -- : 0:  rack-test (0.6.2) from /Library/Ruby/Gems/2.0.0/specifications/rack-test-0.6.2.gemspec
I, [2014-10-03T23:33:35.288386 #16787]  INFO -- : 0:  sinatra-contrib (1.4.2) from /Library/Ruby/Gems/2.0.0/specifications/sinatra-contrib-1.4.2.gemspec
I, [2014-10-03T23:33:35.288749 #16787]  INFO -- : 0:  hike (1.2.3) from /Library/Ruby/Gems/2.0.0/specifications/hike-1.2.3.gemspec
I, [2014-10-03T23:33:35.289067 #16787]  INFO -- : 0:  sprockets (2.10.1) from /Library/Ruby/Gems/2.0.0/specifications/sprockets-2.10.1.gemspec
I, [2014-10-03T23:33:35.289380 #16787]  INFO -- : 0:  eventmachine (1.0.3) from /Library/Ruby/Gems/2.0.0/specifications/eventmachine-1.0.3.gemspec
I, [2014-10-03T23:33:35.289691 #16787]  INFO -- : 0:  thin (1.6.3) from /Library/Ruby/Gems/2.0.0/specifications/thin-1.6.3.gemspec
I, [2014-10-03T23:33:35.290000 #16787]  INFO -- : 0:  thor (0.18.1) from /Library/Ruby/Gems/2.0.0/specifications/thor-0.18.1.gemspec
I, [2014-10-03T23:33:35.290308 #16787]  INFO -- : 0:  dashing (1.3.4) from /Library/Ruby/Gems/2.0.0/specifications/dashing-1.3.4.gemspec
I, [2014-10-03T23:33:35.290618 #16787]  INFO -- : 0:  equalizer (0.0.9) from /Library/Ruby/Gems/2.0.0/specifications/equalizer-0.0.9.gemspec
I, [2014-10-03T23:33:35.290925 #16787]  INFO -- : 0:  multipart-post (2.0.0) from /Library/Ruby/Gems/2.0.0/specifications/multipart-post-2.0.0.gemspec
I, [2014-10-03T23:33:35.291241 #16787]  INFO -- : 0:  faraday (0.9.0) from /Library/Ruby/Gems/2.0.0/specifications/faraday-0.9.0.gemspec
I, [2014-10-03T23:33:35.291538 #16787]  INFO -- : 0:  http_parser.rb (0.6.0) from /Library/Ruby/Gems/2.0.0/specifications/http_parser.rb-0.6.0.gemspec
I, [2014-10-03T23:33:35.291846 #16787]  INFO -- : 0:  http (0.6.2) from /Library/Ruby/Gems/2.0.0/specifications/http-0.6.2.gemspec
I, [2014-10-03T23:33:35.292158 #16787]  INFO -- : 0:  json (1.8.1) from /Library/Ruby/Gems/2.0.0/specifications/json-1.8.1.gemspec
I, [2014-10-03T23:33:35.292458 #16787]  INFO -- : 0:  memoizable (0.4.2) from /Library/Ruby/Gems/2.0.0/specifications/memoizable-0.4.2.gemspec
I, [2014-10-03T23:33:35.292756 #16787]  INFO -- : 0:  mini_portile (0.6.0) from /Library/Ruby/Gems/2.0.0/specifications/mini_portile-0.6.0.gemspec
I, [2014-10-03T23:33:35.293085 #16787]  INFO -- : 0:  naught (1.0.0) from /Library/Ruby/Gems/2.0.0/specifications/naught-1.0.0.gemspec
I, [2014-10-03T23:33:35.293405 #16787]  INFO -- : 0:  nokogiri (1.6.2.1) from /Library/Ruby/Gems/2.0.0/specifications/nokogiri-1.6.2.1.gemspec
I, [2014-10-03T23:33:35.293722 #16787]  INFO -- : 0:  simple_oauth (0.2.0) from /Library/Ruby/Gems/2.0.0/specifications/simple_oauth-0.2.0.gemspec
I, [2014-10-03T23:33:35.294053 #16787]  INFO -- : 0:  twitter (5.11.0) from /Library/Ruby/Gems/2.0.0/specifications/twitter-5.11.0.gemspec
I, [2014-10-03T23:33:35.294335 #16787]  INFO -- : 0:  bundler (1.5.1) from /Library/Ruby/Gems/2.0.0/specifications/bundler-1.5.1.gemspec
I, [2014-10-03T23:50:43.922209 #17406]  INFO -- : 0:  addressable (2.3.6) from /Library/Ruby/Gems/2.0.0/specifications/addressable-2.3.6.gemspec
I, [2014-10-03T23:50:43.923964 #17406]  INFO -- : 0:  backports (3.6.1) from /Library/Ruby/Gems/2.0.0/specifications/backports-3.6.1.gemspec
I, [2014-10-03T23:50:43.924391 #17406]  INFO -- : 0:  buftok (0.2.0) from /Library/Ruby/Gems/2.0.0/specifications/buftok-0.2.0.gemspec
I, [2014-10-03T23:50:43.924760 #17406]  INFO -- : 0:  coffee-script-source (1.8.0) from /Library/Ruby/Gems/2.0.0/specifications/coffee-script-source-1.8.0.gemspec
I, [2014-10-03T23:50:43.925212 #17406]  INFO -- : 0:  execjs (2.0.2) from /Library/Ruby/Gems/2.0.0/specifications/execjs-2.0.2.gemspec
I, [2014-10-03T23:50:43.925723 #17406]  INFO -- : 0:  coffee-script (2.2.0) from /Library/Ruby/Gems/2.0.0/specifications/coffee-script-2.2.0.gemspec
I, [2014-10-03T23:50:43.926178 #17406]  INFO -- : 0:  daemons (1.1.9) from /Library/Ruby/Gems/2.0.0/specifications/daemons-1.1.9.gemspec
I, [2014-10-03T23:50:43.926537 #17406]  INFO -- : 0:  rack (1.5.2) from /Library/Ruby/Gems/2.0.0/specifications/rack-1.5.2.gemspec
I, [2014-10-03T23:50:43.926864 #17406]  INFO -- : 0:  thread_safe (0.3.4) from /Library/Ruby/Gems/2.0.0/specifications/thread_safe-0.3.4.gemspec
I, [2014-10-03T23:50:43.927187 #17406]  INFO -- : 0:  tzinfo (1.2.2) from /Library/Ruby/Gems/2.0.0/specifications/tzinfo-1.2.2.gemspec
I, [2014-10-03T23:50:43.927506 #17406]  INFO -- : 0:  rufus-scheduler (2.0.24) from /Library/Ruby/Gems/2.0.0/specifications/rufus-scheduler-2.0.24.gemspec
I, [2014-10-03T23:50:43.927815 #17406]  INFO -- : 0:  sass (3.2.19) from /Library/Ruby/Gems/2.0.0/specifications/sass-3.2.19.gemspec
I, [2014-10-03T23:50:43.928124 #17406]  INFO -- : 0:  rack-protection (1.5.3) from /Library/Ruby/Gems/2.0.0/specifications/rack-protection-1.5.3.gemspec
I, [2014-10-03T23:50:43.928431 #17406]  INFO -- : 0:  tilt (1.4.1) from /Library/Ruby/Gems/2.0.0/specifications/tilt-1.4.1.gemspec
I, [2014-10-03T23:50:43.928759 #17406]  INFO -- : 0:  sinatra (1.4.5) from /Library/Ruby/Gems/2.0.0/specifications/sinatra-1.4.5.gemspec
I, [2014-10-03T23:50:43.929056 #17406]  INFO -- : 0:  multi_json (1.10.1) from /Library/Ruby/Gems/2.0.0/specifications/multi_json-1.10.1.gemspec
I, [2014-10-03T23:50:43.929358 #17406]  INFO -- : 0:  rack-test (0.6.2) from /Library/Ruby/Gems/2.0.0/specifications/rack-test-0.6.2.gemspec
I, [2014-10-03T23:50:43.929667 #17406]  INFO -- : 0:  sinatra-contrib (1.4.2) from /Library/Ruby/Gems/2.0.0/specifications/sinatra-contrib-1.4.2.gemspec
I, [2014-10-03T23:50:43.929975 #17406]  INFO -- : 0:  hike (1.2.3) from /Library/Ruby/Gems/2.0.0/specifications/hike-1.2.3.gemspec
I, [2014-10-03T23:50:43.930287 #17406]  INFO -- : 0:  sprockets (2.10.1) from /Library/Ruby/Gems/2.0.0/specifications/sprockets-2.10.1.gemspec
I, [2014-10-03T23:50:43.930594 #17406]  INFO -- : 0:  eventmachine (1.0.3) from /Library/Ruby/Gems/2.0.0/specifications/eventmachine-1.0.3.gemspec
I, [2014-10-03T23:50:43.930901 #17406]  INFO -- : 0:  thin (1.6.3) from /Library/Ruby/Gems/2.0.0/specifications/thin-1.6.3.gemspec
I, [2014-10-03T23:50:43.931205 #17406]  INFO -- : 0:  thor (0.18.1) from /Library/Ruby/Gems/2.0.0/specifications/thor-0.18.1.gemspec
I, [2014-10-03T23:50:43.931512 #17406]  INFO -- : 0:  dashing (1.3.4) from /Library/Ruby/Gems/2.0.0/specifications/dashing-1.3.4.gemspec
I, [2014-10-03T23:50:43.931832 #17406]  INFO -- : 0:  equalizer (0.0.9) from /Library/Ruby/Gems/2.0.0/specifications/equalizer-0.0.9.gemspec
I, [2014-10-03T23:50:43.932142 #17406]  INFO -- : 0:  multipart-post (2.0.0) from /Library/Ruby/Gems/2.0.0/specifications/multipart-post-2.0.0.gemspec
I, [2014-10-03T23:50:43.932456 #17406]  INFO -- : 0:  faraday (0.9.0) from /Library/Ruby/Gems/2.0.0/specifications/faraday-0.9.0.gemspec
I, [2014-10-03T23:50:43.932758 #17406]  INFO -- : 0:  http_parser.rb (0.6.0) from /Library/Ruby/Gems/2.0.0/specifications/http_parser.rb-0.6.0.gemspec
I, [2014-10-03T23:50:43.933077 #17406]  INFO -- : 0:  http (0.6.2) from /Library/Ruby/Gems/2.0.0/specifications/http-0.6.2.gemspec
I, [2014-10-03T23:50:43.933407 #17406]  INFO -- : 0:  json (1.8.1) from /Library/Ruby/Gems/2.0.0/specifications/json-1.8.1.gemspec
I, [2014-10-03T23:50:43.933757 #17406]  INFO -- : 0:  memoizable (0.4.2) from /Library/Ruby/Gems/2.0.0/specifications/memoizable-0.4.2.gemspec
I, [2014-10-03T23:50:43.934053 #17406]  INFO -- : 0:  mini_portile (0.6.0) from /Library/Ruby/Gems/2.0.0/specifications/mini_portile-0.6.0.gemspec
I, [2014-10-03T23:50:43.934375 #17406]  INFO -- : 0:  naught (1.0.0) from /Library/Ruby/Gems/2.0.0/specifications/naught-1.0.0.gemspec
I, [2014-10-03T23:50:43.934682 #17406]  INFO -- : 0:  nokogiri (1.6.2.1) from /Library/Ruby/Gems/2.0.0/specifications/nokogiri-1.6.2.1.gemspec
I, [2014-10-03T23:50:43.935038 #17406]  INFO -- : 0:  simple_oauth (0.2.0) from /Library/Ruby/Gems/2.0.0/specifications/simple_oauth-0.2.0.gemspec
I, [2014-10-03T23:50:43.935378 #17406]  INFO -- : 0:  twitter (5.11.0) from /Library/Ruby/Gems/2.0.0/specifications/twitter-5.11.0.gemspec
I, [2014-10-03T23:50:43.935671 #17406]  INFO -- : 0:  bundler (1.5.1) from /Library/Ruby/Gems/2.0.0/specifications/bundler-1.5.1.gemspec
I, [2014-10-03T23:51:55.925882 #17449]  INFO -- : 0:  i18n (0.6.11) from /Library/Ruby/Gems/2.0.0/specifications/i18n-0.6.11.gemspec
I, [2014-10-03T23:51:55.941093 #17449]  INFO -- : 0:  json (1.8.1) from /Library/Ruby/Gems/2.0.0/specifications/json-1.8.1.gemspec
I, [2014-10-03T23:52:00.446975 #17449]  INFO -- : 0:  minitest (5.4.2) from /Library/Ruby/Gems/2.0.0/specifications/minitest-5.4.2.gemspec
I, [2014-10-03T23:52:00.453935 #17449]  INFO -- : 0:  thread_safe (0.3.4) from /Library/Ruby/Gems/2.0.0/specifications/thread_safe-0.3.4.gemspec
I, [2014-10-03T23:52:00.454658 #17449]  INFO -- : 0:  tzinfo (1.2.2) from /Library/Ruby/Gems/2.0.0/specifications/tzinfo-1.2.2.gemspec
I, [2014-10-03T23:52:08.878313 #17449]  INFO -- : 0:  activesupport (4.1.6) from /Library/Ruby/Gems/2.0.0/specifications/activesupport-4.1.6.gemspec
I, [2014-10-03T23:52:12.460305 #17449]  INFO -- : 0:  builder (3.2.2) from /Library/Ruby/Gems/2.0.0/specifications/builder-3.2.2.gemspec
I, [2014-10-03T23:52:18.355596 #17449]  INFO -- : 0:  erubis (2.7.0) from /Library/Ruby/Gems/2.0.0/specifications/erubis-2.7.0.gemspec
I, [2014-10-03T23:52:22.954634 #17449]  INFO -- : 0:  actionview (4.1.6) from /Library/Ruby/Gems/2.0.0/specifications/actionview-4.1.6.gemspec
I, [2014-10-03T23:52:22.993024 #17449]  INFO -- : 0:  addressable (2.3.6) from /Library/Ruby/Gems/2.0.0/specifications/addressable-2.3.6.gemspec
I, [2014-10-03T23:52:22.994027 #17449]  INFO -- : 0:  backports (3.6.1) from /Library/Ruby/Gems/2.0.0/specifications/backports-3.6.1.gemspec
I, [2014-10-03T23:52:22.994675 #17449]  INFO -- : 0:  buftok (0.2.0) from /Library/Ruby/Gems/2.0.0/specifications/buftok-0.2.0.gemspec
I, [2014-10-03T23:52:22.995267 #17449]  INFO -- : 0:  coffee-script-source (1.8.0) from /Library/Ruby/Gems/2.0.0/specifications/coffee-script-source-1.8.0.gemspec
I, [2014-10-03T23:52:22.996034 #17449]  INFO -- : 0:  execjs (2.0.2) from /Library/Ruby/Gems/2.0.0/specifications/execjs-2.0.2.gemspec
I, [2014-10-03T23:52:23.007575 #17449]  INFO -- : 0:  coffee-script (2.2.0) from /Library/Ruby/Gems/2.0.0/specifications/coffee-script-2.2.0.gemspec
I, [2014-10-03T23:52:23.021713 #17449]  INFO -- : 0:  daemons (1.1.9) from /Library/Ruby/Gems/2.0.0/specifications/daemons-1.1.9.gemspec
I, [2014-10-03T23:52:23.023083 #17449]  INFO -- : 0:  rack (1.5.2) from /Library/Ruby/Gems/2.0.0/specifications/rack-1.5.2.gemspec
I, [2014-10-03T23:52:23.024539 #17449]  INFO -- : 0:  rufus-scheduler (2.0.24) from /Library/Ruby/Gems/2.0.0/specifications/rufus-scheduler-2.0.24.gemspec
I, [2014-10-03T23:52:23.025842 #17449]  INFO -- : 0:  sass (3.2.19) from /Library/Ruby/Gems/2.0.0/specifications/sass-3.2.19.gemspec
I, [2014-10-03T23:52:23.026315 #17449]  INFO -- : 0:  rack-protection (1.5.3) from /Library/Ruby/Gems/2.0.0/specifications/rack-protection-1.5.3.gemspec
I, [2014-10-03T23:52:23.026772 #17449]  INFO -- : 0:  tilt (1.4.1) from /Library/Ruby/Gems/2.0.0/specifications/tilt-1.4.1.gemspec
I, [2014-10-03T23:52:23.027248 #17449]  INFO -- : 0:  sinatra (1.4.5) from /Library/Ruby/Gems/2.0.0/specifications/sinatra-1.4.5.gemspec
I, [2014-10-03T23:52:23.027734 #17449]  INFO -- : 0:  multi_json (1.10.1) from /Library/Ruby/Gems/2.0.0/specifications/multi_json-1.10.1.gemspec
I, [2014-10-03T23:52:23.028180 #17449]  INFO -- : 0:  rack-test (0.6.2) from /Library/Ruby/Gems/2.0.0/specifications/rack-test-0.6.2.gemspec
I, [2014-10-03T23:52:23.028616 #17449]  INFO -- : 0:  sinatra-contrib (1.4.2) from /Library/Ruby/Gems/2.0.0/specifications/sinatra-contrib-1.4.2.gemspec
I, [2014-10-03T23:52:23.029442 #17449]  INFO -- : 0:  hike (1.2.3) from /Library/Ruby/Gems/2.0.0/specifications/hike-1.2.3.gemspec
I, [2014-10-03T23:52:23.029975 #17449]  INFO -- : 0:  sprockets (2.10.1) from /Library/Ruby/Gems/2.0.0/specifications/sprockets-2.10.1.gemspec
I, [2014-10-03T23:52:23.030438 #17449]  INFO -- : 0:  eventmachine (1.0.3) from /Library/Ruby/Gems/2.0.0/specifications/eventmachine-1.0.3.gemspec
I, [2014-10-03T23:52:23.030891 #17449]  INFO -- : 0:  thin (1.6.3) from /Library/Ruby/Gems/2.0.0/specifications/thin-1.6.3.gemspec
I, [2014-10-03T23:52:23.031334 #17449]  INFO -- : 0:  thor (0.18.1) from /Library/Ruby/Gems/2.0.0/specifications/thor-0.18.1.gemspec
I, [2014-10-03T23:52:23.031808 #17449]  INFO -- : 0:  dashing (1.3.4) from /Library/Ruby/Gems/2.0.0/specifications/dashing-1.3.4.gemspec
I, [2014-10-03T23:52:23.032246 #17449]  INFO -- : 0:  equalizer (0.0.9) from /Library/Ruby/Gems/2.0.0/specifications/equalizer-0.0.9.gemspec
I, [2014-10-03T23:52:23.032869 #17449]  INFO -- : 0:  multipart-post (2.0.0) from /Library/Ruby/Gems/2.0.0/specifications/multipart-post-2.0.0.gemspec
I, [2014-10-03T23:52:23.034283 #17449]  INFO -- : 0:  faraday (0.9.0) from /Library/Ruby/Gems/2.0.0/specifications/faraday-0.9.0.gemspec
I, [2014-10-03T23:52:23.039858 #17449]  INFO -- : 0:  http_parser.rb (0.6.0) from /Library/Ruby/Gems/2.0.0/specifications/http_parser.rb-0.6.0.gemspec
I, [2014-10-03T23:52:23.040609 #17449]  INFO -- : 0:  http (0.6.2) from /Library/Ruby/Gems/2.0.0/specifications/http-0.6.2.gemspec
I, [2014-10-03T23:52:23.041430 #17449]  INFO -- : 0:  memoizable (0.4.2) from /Library/Ruby/Gems/2.0.0/specifications/memoizable-0.4.2.gemspec
I, [2014-10-03T23:52:23.042892 #17449]  INFO -- : 0:  mini_portile (0.6.0) from /Library/Ruby/Gems/2.0.0/specifications/mini_portile-0.6.0.gemspec
I, [2014-10-03T23:52:23.047293 #17449]  INFO -- : 0:  naught (1.0.0) from /Library/Ruby/Gems/2.0.0/specifications/naught-1.0.0.gemspec
I, [2014-10-03T23:52:23.053123 #17449]  INFO -- : 0:  nokogiri (1.6.2.1) from /Library/Ruby/Gems/2.0.0/specifications/nokogiri-1.6.2.1.gemspec
I, [2014-10-03T23:52:26.769254 #17449]  INFO -- : 0:  sawyer (0.5.5) from /Library/Ruby/Gems/2.0.0/specifications/sawyer-0.5.5.gemspec
I, [2014-10-03T23:52:30.965331 #17449]  INFO -- : 0:  octokit (3.4.0) from /Library/Ruby/Gems/2.0.0/specifications/octokit-3.4.0.gemspec
I, [2014-10-03T23:52:30.976317 #17449]  INFO -- : 0:  simple_oauth (0.2.0) from /Library/Ruby/Gems/2.0.0/specifications/simple_oauth-0.2.0.gemspec
I, [2014-10-03T23:52:30.977095 #17449]  INFO -- : 0:  twitter (5.11.0) from /Library/Ruby/Gems/2.0.0/specifications/twitter-5.11.0.gemspec
I, [2014-10-03T23:52:30.977681 #17449]  INFO -- : 0:  bundler (1.5.1) from /Library/Ruby/Gems/2.0.0/specifications/bundler-1.5.1.gemspec
